<?xml version="1.0" encoding="UTF-8"?>
<!-- Generated by org.testng.reporters.JUnitXMLReporter -->
<testsuite hostname="DESKTOP-M54PCD3" name="Login Data Driven Test" tests="3" failures="0" timestamp="26 Jun 2019 11:25:09 GMT" time="58.703" errors="0">
  <testcase name="Login" time="24.647" classname="com.heka.TestCases.LoginDataDrivenTest"/>
  <testcase name="Login" time="13.406" classname="com.heka.TestCases.LoginDataDrivenTest"/>
  <testcase name="Login" time="15.161" classname="com.heka.TestCases.LoginDataDrivenTest"/>
</testsuite> <!-- Login Data Driven Test -->
