<?xml version="1.0" encoding="UTF-8"?>
<!-- Generated by org.testng.reporters.JUnitXMLReporter -->
<testsuite hostname="DESKTOP-M54PCD3" name="Login by multiple doctors" tests="3" failures="0" timestamp="4 Jul 2019 18:10:48 GMT" time="53.108" errors="0">
  <testcase name="loginDataDriven" time="22.442" classname="com.heka.TestCases.LoginDataDrivenTest"/>
  <testcase name="loginDataDriven" time="13.081" classname="com.heka.TestCases.LoginDataDrivenTest"/>
  <testcase name="loginDataDriven" time="11.843" classname="com.heka.TestCases.LoginDataDrivenTest"/>
</testsuite> <!-- Login by multiple doctors -->
