<?xml version="1.0" encoding="UTF-8"?>
<!-- Generated by org.testng.reporters.JUnitXMLReporter -->
<testsuite hostname="DESKTOP-M54PCD3" name="Login with valid mobile number-Positive test" tests="3" failures="0" timestamp="12 Aug 2019 11:41:48 GMT" time="77.12" errors="0">
  <testcase name="login_With_Valid_Mobile_Number" time="3.452" classname="com.heka.TestCases.Login_Test"/>
  <testcase name="signUp_Negative" time="7.801" classname="com.heka.TestCases.Signup_Negative_Test"/>
  <testcase name="signUp_Test" time="0.005" classname="com.heka.TestCases.Signup_Test">
    <skipped/>
  </testcase> <!-- signUp_Test -->
</testsuite> <!-- Login with valid mobile number-Positive test -->
