<?xml version="1.0" encoding="UTF-8"?>
<!-- Generated by org.testng.reporters.JUnitXMLReporter -->
<testsuite hostname="DESKTOP-M54PCD3" name="Login by multiple users-Data driven test" tests="3" failures="0" timestamp="8 Jul 2019 13:52:03 GMT" time="53.471" errors="0">
  <testcase name="loginDataDriven" time="23.604" classname="com.heka.TestCases.LoginDataDrivenTest"/>
  <testcase name="loginDataDriven" time="12.299" classname="com.heka.TestCases.LoginDataDrivenTest"/>
  <testcase name="loginDataDriven" time="12.058" classname="com.heka.TestCases.LoginDataDrivenTest"/>
</testsuite> <!-- Login by multiple users-Data driven test -->
