<?xml version="1.0" encoding="UTF-8"?>
<!-- Generated by org.testng.reporters.JUnitXMLReporter -->
<testsuite hostname="DESKTOP-M54PCD3" name="Regression" tests="6" failures="0" timestamp="16 Sep 2019 07:28:54 GMT" time="433.047" errors="0">
  <testcase name="create_Challenge" time="43.758" classname="Admin_Tests.Create_Challenge_Test"/>
  <testcase name="edit_Challenge" time="0.009" classname="Admin_Tests.Edit_Challenge_Test">
    <skipped/>
  </testcase> <!-- edit_Challenge -->
  <testcase name="add_Users_And_Run_Challenge" time="72.946" classname="Admin_Tests.Add_Users_And_Run_Challenge_Test"/>
  <testcase name="view_Challenge_Points" time="24.063" classname="Admin_Tests.View_Challenge_Points_Test"/>
  <testcase name="delete_Challenge" time="0.007" classname="Admin_Tests.Delete_Challenge_Test">
    <skipped/>
  </testcase> <!-- delete_Challenge -->
  <testcase name="run_Stats" time="114.313" classname="Admin_Tests.Admin_Stats_Test"/>
</testsuite> <!-- Regression -->
