<?xml version="1.0" encoding="UTF-8"?>
<!-- Generated by org.testng.reporters.JUnitXMLReporter -->
<testsuite hostname="DESKTOP-M54PCD3" name="Running regression tests of schedules module" tests="3" failures="0" timestamp="10 Sep 2019 08:15:58 GMT" time="159.08" errors="0">
  <testcase name="createAppointmentSchedule" time="48.558" classname="Schedules_Tests.Create_Appt_Schedules_Test"/>
  <testcase name="edit_Appt_Schedule" time="30.697" classname="Schedules_Tests.Edit_Appt_Schedule_Test"/>
  <testcase name="deleteApptSchedule" time="47.097" classname="Schedules_Tests.Delete_Appt_Schedule_Test"/>
</testsuite> <!-- Running regression tests of schedules module -->
